<?xml version="1.0" encoding="UTF-8"?>
<!-- Generated by org.testng.reporters.JUnitReportReporter -->
<testsuite hostname="DESKTOP-G23FB35" failures="0" tests="2" name="test.test4" time="0.003" errors="0" timestamp="2023-02-08T22:43:22 IST" skipped="0">
  <testcase classname="test.test4" name="webhomeloan" time="0.001"/>
  <system-out/>
  <testcase classname="test.test4" name="mobilehomeloan" time="0.002"/>
  <system-out/>
</testsuite> <!-- test.test4 -->
