<?xml version="1.0" encoding="UTF-8"?>
<!-- Generated by org.testng.reporters.JUnitReportReporter -->
<testsuite hostname="DESKTOP-G23FB35" failures="0" tests="3" name="test.Dataprovier" time="0.008" errors="0" timestamp="2023-02-08T18:25:50 IST" skipped="0">
  <testcase classname="test.Dataprovier" name="loigin" time="0.005"/>
  <system-out/>
  <testcase classname="test.Dataprovier" name="loigin" time="0.001"/>
  <system-out/>
  <testcase classname="test.Dataprovier" name="loigin" time="0.002"/>
  <system-out/>
</testsuite> <!-- test.Dataprovier -->
