<?xml version="1.0" encoding="UTF-8"?>
<!-- Generated by org.testng.reporters.JUnitReportReporter -->
<testsuite hostname="DESKTOP-G23FB35" failures="0" tests="3" name="test.test2" time="0.006" errors="0" timestamp="2023-02-08T22:43:22 IST" skipped="1">
  <testcase classname="test.test2" name="fuck" time="0.004"/>
  <system-out/>
  <testcase classname="test.test2" name="Apitest" time="0.002"/>
  <system-out/>
  <testcase classname="test.test2" name="lasst">
    <skipped/>
  </testcase> <!-- lasst -->
  <system-out/>
</testsuite> <!-- test.test2 -->
